17:08:39.948 [main] DEBUG tests.CareerTest - Waiting for Careers page to load
17:08:42.749 [main] DEBUG tests.CareerTest - Closing the browser
17:09:52.907 [main] DEBUG tests.CareerTest - Closing the browser
20:43:14.758 [main] INFO  tests.TermsOfUse - Starting the Terms of Use test
20:43:17.749 [main] DEBUG tests.TermsOfUse - Browser initialized
20:43:22.032 [main] INFO  tests.TermsOfUse - Navigated to URL: https://www.flipkart.com/
20:43:22.094 [main] DEBUG tests.TermsOfUse - Clicking on Terms of Use link
20:43:23.679 [main] DEBUG tests.TermsOfUse - Asserting if Terms of Use page is displayed
20:43:33.755 [main] DEBUG tests.TermsOfUse - Closing the browser
20:48:53.269 [main] INFO  tests.TermsOfUse - Starting the Terms of Use test
20:48:56.172 [main] DEBUG tests.TermsOfUse - Browser initialized
20:48:58.575 [main] INFO  tests.TermsOfUse - Navigated to URL: https://www.flipkart.com/
20:48:58.634 [main] DEBUG tests.TermsOfUse - Clicking on Terms of Use link
20:48:59.871 [main] DEBUG tests.TermsOfUse - Asserting if Terms of Use page is displayed
20:49:00.018 [main] INFO  tests.TermsOfUse - Terms of Use test completed successfully
20:49:00.029 [main] DEBUG tests.TermsOfUse - Closing the browser
20:49:15.841 [main] INFO  tests.AboutTest - Starting the About Us test
20:49:18.797 [main] DEBUG tests.AboutTest - Browser initialized
20:49:21.213 [main] INFO  tests.AboutTest - Navigated to URL: https://www.flipkart.com/
20:49:21.277 [main] DEBUG tests.AboutTest - Waiting for the About Us link to be clickable
20:49:21.504 [main] DEBUG tests.AboutTest - Clicking on About Us link
20:49:21.622 [main] DEBUG tests.AboutTest - Waiting for the About Us page to be displayed
20:49:24.991 [main] DEBUG tests.AboutTest - Asserting if About Us page is displayed
20:49:25.079 [main] INFO  tests.AboutTest - About Us test completed successfully
20:49:25.093 [main] DEBUG tests.AboutTest - Closing the browser
20:49:53.138 [main] DEBUG org.apache.poi.openxml4j.opc.PackageRelationshipCollection - Parsing relationship: /xl/_rels/workbook.xml.rels
20:49:53.199 [main] DEBUG org.apache.poi.openxml4j.opc.PackageRelationshipCollection - Parsing relationship: /_rels/.rels
20:49:53.520 [main] TRACE org.apache.xmlbeans.impl.common.XBeanDebug - Loading type system org.apache.poi.schemas.ooxml.system.ooxml
20:49:53.523 [main] TRACE org.apache.xmlbeans.impl.common.XBeanDebug - Loading type system org.apache.xmlbeans.metadata.system.sXMLCONFIG
20:49:53.524 [main] TRACE org.apache.xmlbeans.impl.common.XBeanDebug - Loading type system org.apache.xmlbeans.metadata.system.sXMLLANG
20:49:53.525 [main] TRACE org.apache.xmlbeans.impl.common.XBeanDebug - Loading type system org.apache.xmlbeans.metadata.system.sXMLSCHEMA
20:49:53.525 [main] TRACE org.apache.xmlbeans.impl.common.XBeanDebug - Loading type system org.apache.xmlbeans.metadata.system.sXMLTOOLS
20:49:53.527 [main] TRACE org.apache.xmlbeans.impl.common.XBeanDebug - Reading unresolved handles for type system org.apache.xmlbeans.metadata.system.sXMLTOOLS
20:49:53.543 [main] TRACE org.apache.xmlbeans.impl.common.XBeanDebug - Finished loading type system org.apache.xmlbeans.metadata.system.sXMLTOOLS
20:49:53.545 [main] TRACE org.apache.xmlbeans.impl.common.XBeanDebug - Reading unresolved handles for type system org.apache.xmlbeans.metadata.system.sXMLSCHEMA
20:49:53.553 [main] TRACE org.apache.xmlbeans.impl.common.XBeanDebug - Finished loading type system org.apache.xmlbeans.metadata.system.sXMLSCHEMA
20:49:53.554 [main] TRACE org.apache.xmlbeans.impl.common.XBeanDebug - Reading unresolved handles for type system org.apache.xmlbeans.metadata.system.sXMLLANG
20:49:53.556 [main] TRACE org.apache.xmlbeans.impl.common.XBeanDebug - Finished loading type system org.apache.xmlbeans.metadata.system.sXMLLANG
20:49:53.557 [main] TRACE org.apache.xmlbeans.impl.common.XBeanDebug - Reading unresolved handles for type system org.apache.xmlbeans.metadata.system.sXMLCONFIG
20:49:53.559 [main] TRACE org.apache.xmlbeans.impl.common.XBeanDebug - Finished loading type system org.apache.xmlbeans.metadata.system.sXMLCONFIG
20:49:53.560 [main] TRACE org.apache.xmlbeans.impl.common.XBeanDebug - Reading unresolved handles for type system org.apache.poi.schemas.ooxml.system.ooxml
20:49:53.645 [main] TRACE org.apache.xmlbeans.impl.common.XBeanDebug - Finished loading type system org.apache.poi.schemas.ooxml.system.ooxml
20:49:53.646 [main] TRACE org.apache.xmlbeans.impl.common.XBeanDebug - Resolving type for handle themefd26doctype
20:49:53.733 [main] TRACE org.apache.xmlbeans.impl.common.XBeanDebug - Resolving type for handle stylesheet5d8bdoctype
20:49:53.742 [main] TRACE org.apache.xmlbeans.impl.common.XBeanDebug - Resolving type for handle ctstylesheet4257type
20:49:53.750 [main] TRACE org.apache.xmlbeans.impl.common.XBeanDebug - Resolving type for handle ctfonts6623type
20:49:53.755 [main] TRACE org.apache.xmlbeans.impl.common.XBeanDebug - Resolving type for handle ctfont14d8type
20:49:53.769 [main] TRACE org.apache.xmlbeans.impl.common.XBeanDebug - Resolving type for handle ctfills2c6ftype
20:49:53.775 [main] TRACE org.apache.xmlbeans.impl.common.XBeanDebug - Resolving type for handle ctfill550ctype
20:49:53.780 [main] TRACE org.apache.xmlbeans.impl.common.XBeanDebug - Resolving type for handle ctborders0d66type
20:49:53.785 [main] TRACE org.apache.xmlbeans.impl.common.XBeanDebug - Resolving type for handle ctborderf935type
20:49:53.791 [main] TRACE org.apache.xmlbeans.impl.common.XBeanDebug - Resolving type for handle ctcellxfs1322type
20:49:53.796 [main] TRACE org.apache.xmlbeans.impl.common.XBeanDebug - Resolving type for handle ctxf97f7type
20:49:53.803 [main] TRACE org.apache.xmlbeans.impl.common.XBeanDebug - Resolving type for handle ctcellstylexfsa81ftype
20:49:53.807 [main] TRACE org.apache.xmlbeans.impl.common.XBeanDebug - Resolving type for handle ctdxfsb26atype
20:49:53.812 [main] TRACE org.apache.xmlbeans.impl.common.XBeanDebug - Resolving type for handle cttablestyles872ftype
20:49:53.819 [main] TRACE org.apache.xmlbeans.impl.common.XBeanDebug - Resolving type for handle sstf81fdoctype
20:49:53.829 [main] TRACE org.apache.xmlbeans.impl.common.XBeanDebug - Resolving type for handle ctsst44f3type
20:49:53.852 [main] TRACE org.apache.xmlbeans.impl.common.XBeanDebug - Resolving type for handle ctrsta472type
20:49:53.895 [main] TRACE org.apache.xmlbeans.impl.common.XBeanDebug - Resolving type for handle workbookec17doctype
20:49:53.906 [main] TRACE org.apache.xmlbeans.impl.common.XBeanDebug - Resolving type for handle ctworkbook83c3type
20:49:53.917 [main] TRACE org.apache.xmlbeans.impl.common.XBeanDebug - Resolving type for handle ctsheets49fdtype
20:49:53.921 [main] TRACE org.apache.xmlbeans.impl.common.XBeanDebug - Resolving type for handle ctsheet4dbetype
20:49:53.926 [main] TRACE org.apache.xmlbeans.impl.common.XBeanDebug - Resolving type for handle strelationshipid1e94type
20:49:53.934 [main] TRACE org.apache.xmlbeans.impl.common.XBeanDebug - Resolving type for handle worksheetf539doctype
20:49:53.943 [main] TRACE org.apache.xmlbeans.impl.common.XBeanDebug - Resolving type for handle ctworksheet530dtype
20:49:53.962 [main] TRACE org.apache.xmlbeans.impl.common.XBeanDebug - Resolving type for handle ctsheetdata8408type
20:49:53.968 [main] TRACE org.apache.xmlbeans.impl.common.XBeanDebug - Resolving type for handle ctrowdd39type
20:49:53.981 [main] TRACE org.apache.xmlbeans.impl.common.XBeanDebug - Resolving type for handle ctcell842btype
20:49:53.995 [main] TRACE org.apache.xmlbeans.impl.common.XBeanDebug - Resolving type for handle stcellrefe4e0type
20:49:54.013 [main] TRACE org.apache.xmlbeans.impl.common.XBeanDebug - Resolving type for handle ctcols627ctype
20:49:54.023 [main] TRACE org.apache.xmlbeans.impl.common.XBeanDebug - Resolving type for handle ctcola95ftype
20:49:54.106 [main] TRACE org.apache.xmlbeans.impl.common.XBeanDebug - Resolving type for handle stxstringf179type
20:49:54.110 [main] TRACE org.apache.xmlbeans.impl.common.XBeanDebug - Resolving type for handle stcelltypebf95type
20:49:54.129 [main] INFO  tests.CartTest - Executing test case: AddToCart
20:49:54.130 [main] INFO  tests.CartTest - Search Term: iPhone
20:49:59.618 [main] DEBUG tests.CartTest - Navigated to URL: https://www.flipkart.com/
20:49:59.963 [main] DEBUG tests.CartTest - Entered search term: iPhone
20:50:03.948 [main] DEBUG tests.CartTest - Clicked search button
20:50:04.336 [main] DEBUG tests.CartTest - Clicked on product card
20:50:04.791 [main] DEBUG tests.CartTest - Switched to product details window
20:50:06.626 [main] INFO  tests.CartTest - Product details are displayed
20:50:06.672 [main] DEBUG tests.CartTest - Scrolled to cart button
20:50:09.803 [main] DEBUG tests.CartTest - Clicked cart button
20:50:12.858 [main] DEBUG tests.CartTest - Order button is visible
20:50:12.888 [main] INFO  tests.CartTest - Order button is displayed
20:50:15.902 [main] DEBUG tests.CartTest - Switched back to original window
20:50:16.115 [main] DEBUG tests.CartTest - Browser closed for test case: AddToCart
20:50:16.116 [main] INFO  tests.CartTest - Executing test case: AddToCart
20:50:16.116 [main] INFO  tests.CartTest - Search Term: Laptop
20:50:20.406 [main] DEBUG tests.CartTest - Navigated to URL: https://www.flipkart.com/
20:50:20.701 [main] DEBUG tests.CartTest - Entered search term: Laptop
20:50:23.706 [main] DEBUG tests.CartTest - Clicked search button
20:50:24.729 [main] DEBUG tests.CartTest - Clicked on product card
20:50:25.303 [main] DEBUG tests.CartTest - Switched to product details window
20:50:27.129 [main] INFO  tests.CartTest - Product details are displayed
20:50:27.171 [main] DEBUG tests.CartTest - Scrolled to cart button
20:50:30.316 [main] DEBUG tests.CartTest - Clicked cart button
20:50:33.351 [main] DEBUG tests.CartTest - Order button is visible
20:50:33.373 [main] INFO  tests.CartTest - Order button is displayed
20:50:36.387 [main] DEBUG tests.CartTest - Switched back to original window
20:50:38.072 [main] DEBUG tests.CartTest - Browser closed for test case: AddToCart
20:50:38.081 [main] DEBUG tests.CartTest - Browser closed in teardown method.
20:51:15.806 [main] INFO  tests.TravelTest - Starting the travel test
20:51:19.567 [main] DEBUG tests.TravelTest - Browser initialized
20:51:22.575 [main] INFO  tests.TravelTest - Navigated to URL: https://www.flipkart.com/
20:51:22.653 [main] DEBUG tests.TravelTest - Waiting for the Travel icon to be clickable
20:51:22.918 [main] DEBUG tests.TravelTest - Clicking on Travel icon
20:51:24.248 [main] DEBUG tests.TravelTest - Waiting for the Travel page to be displayed
20:51:24.407 [main] DEBUG tests.TravelTest - Asserting if Travel page is displayed
20:51:25.004 [main] INFO  tests.TravelTest - Travel test completed successfully
20:51:25.023 [main] DEBUG tests.TravelTest - Closing the browser
20:51:45.439 [main] DEBUG org.apache.poi.openxml4j.opc.PackageRelationshipCollection - Parsing relationship: /xl/_rels/workbook.xml.rels
20:51:45.513 [main] DEBUG org.apache.poi.openxml4j.opc.PackageRelationshipCollection - Parsing relationship: /_rels/.rels
20:51:46.049 [main] TRACE org.apache.xmlbeans.impl.common.XBeanDebug - Loading type system org.apache.poi.schemas.ooxml.system.ooxml
20:51:46.056 [main] TRACE org.apache.xmlbeans.impl.common.XBeanDebug - Loading type system org.apache.xmlbeans.metadata.system.sXMLCONFIG
20:51:46.058 [main] TRACE org.apache.xmlbeans.impl.common.XBeanDebug - Loading type system org.apache.xmlbeans.metadata.system.sXMLLANG
20:51:46.059 [main] TRACE org.apache.xmlbeans.impl.common.XBeanDebug - Loading type system org.apache.xmlbeans.metadata.system.sXMLSCHEMA
20:51:46.061 [main] TRACE org.apache.xmlbeans.impl.common.XBeanDebug - Loading type system org.apache.xmlbeans.metadata.system.sXMLTOOLS
20:51:46.063 [main] TRACE org.apache.xmlbeans.impl.common.XBeanDebug - Reading unresolved handles for type system org.apache.xmlbeans.metadata.system.sXMLTOOLS
20:51:46.100 [main] TRACE org.apache.xmlbeans.impl.common.XBeanDebug - Finished loading type system org.apache.xmlbeans.metadata.system.sXMLTOOLS
20:51:46.105 [main] TRACE org.apache.xmlbeans.impl.common.XBeanDebug - Reading unresolved handles for type system org.apache.xmlbeans.metadata.system.sXMLSCHEMA
20:51:46.144 [main] TRACE org.apache.xmlbeans.impl.common.XBeanDebug - Finished loading type system org.apache.xmlbeans.metadata.system.sXMLSCHEMA
20:51:46.160 [main] TRACE org.apache.xmlbeans.impl.common.XBeanDebug - Reading unresolved handles for type system org.apache.xmlbeans.metadata.system.sXMLLANG
20:51:46.166 [main] TRACE org.apache.xmlbeans.impl.common.XBeanDebug - Finished loading type system org.apache.xmlbeans.metadata.system.sXMLLANG
20:51:46.169 [main] TRACE org.apache.xmlbeans.impl.common.XBeanDebug - Reading unresolved handles for type system org.apache.xmlbeans.metadata.system.sXMLCONFIG
20:51:46.177 [main] TRACE org.apache.xmlbeans.impl.common.XBeanDebug - Finished loading type system org.apache.xmlbeans.metadata.system.sXMLCONFIG
20:51:46.190 [main] TRACE org.apache.xmlbeans.impl.common.XBeanDebug - Reading unresolved handles for type system org.apache.poi.schemas.ooxml.system.ooxml
20:51:46.411 [main] TRACE org.apache.xmlbeans.impl.common.XBeanDebug - Finished loading type system org.apache.poi.schemas.ooxml.system.ooxml
20:51:46.417 [main] TRACE org.apache.xmlbeans.impl.common.XBeanDebug - Resolving type for handle themefd26doctype
20:51:46.663 [main] TRACE org.apache.xmlbeans.impl.common.XBeanDebug - Resolving type for handle stylesheet5d8bdoctype
20:51:46.707 [main] TRACE org.apache.xmlbeans.impl.common.XBeanDebug - Resolving type for handle ctstylesheet4257type
20:51:46.723 [main] TRACE org.apache.xmlbeans.impl.common.XBeanDebug - Resolving type for handle ctfonts6623type
20:51:46.752 [main] TRACE org.apache.xmlbeans.impl.common.XBeanDebug - Resolving type for handle ctfont14d8type
20:51:46.771 [main] TRACE org.apache.xmlbeans.impl.common.XBeanDebug - Resolving type for handle ctfills2c6ftype
20:51:46.779 [main] TRACE org.apache.xmlbeans.impl.common.XBeanDebug - Resolving type for handle ctfill550ctype
20:51:46.783 [main] TRACE org.apache.xmlbeans.impl.common.XBeanDebug - Resolving type for handle ctborders0d66type
20:51:46.787 [main] TRACE org.apache.xmlbeans.impl.common.XBeanDebug - Resolving type for handle ctborderf935type
20:51:46.803 [main] TRACE org.apache.xmlbeans.impl.common.XBeanDebug - Resolving type for handle ctcellxfs1322type
20:51:46.819 [main] TRACE org.apache.xmlbeans.impl.common.XBeanDebug - Resolving type for handle ctxf97f7type
20:51:46.832 [main] TRACE org.apache.xmlbeans.impl.common.XBeanDebug - Resolving type for handle ctcellstylexfsa81ftype
20:51:46.837 [main] TRACE org.apache.xmlbeans.impl.common.XBeanDebug - Resolving type for handle ctdxfsb26atype
20:51:46.843 [main] TRACE org.apache.xmlbeans.impl.common.XBeanDebug - Resolving type for handle cttablestyles872ftype
20:51:46.849 [main] TRACE org.apache.xmlbeans.impl.common.XBeanDebug - Resolving type for handle sstf81fdoctype
20:51:46.856 [main] TRACE org.apache.xmlbeans.impl.common.XBeanDebug - Resolving type for handle ctsst44f3type
20:51:46.885 [main] TRACE org.apache.xmlbeans.impl.common.XBeanDebug - Resolving type for handle ctrsta472type
20:51:46.924 [main] TRACE org.apache.xmlbeans.impl.common.XBeanDebug - Resolving type for handle workbookec17doctype
20:51:46.946 [main] TRACE org.apache.xmlbeans.impl.common.XBeanDebug - Resolving type for handle ctworkbook83c3type
20:51:46.963 [main] TRACE org.apache.xmlbeans.impl.common.XBeanDebug - Resolving type for handle ctsheets49fdtype
20:51:46.968 [main] TRACE org.apache.xmlbeans.impl.common.XBeanDebug - Resolving type for handle ctsheet4dbetype
20:51:46.973 [main] TRACE org.apache.xmlbeans.impl.common.XBeanDebug - Resolving type for handle strelationshipid1e94type
20:51:46.977 [main] TRACE org.apache.xmlbeans.impl.common.XBeanDebug - Resolving type for handle worksheetf539doctype
20:51:46.989 [main] TRACE org.apache.xmlbeans.impl.common.XBeanDebug - Resolving type for handle ctworksheet530dtype
20:51:47.013 [main] TRACE org.apache.xmlbeans.impl.common.XBeanDebug - Resolving type for handle ctsheetdata8408type
20:51:47.027 [main] TRACE org.apache.xmlbeans.impl.common.XBeanDebug - Resolving type for handle ctrowdd39type
20:51:47.048 [main] TRACE org.apache.xmlbeans.impl.common.XBeanDebug - Resolving type for handle ctcell842btype
20:51:47.081 [main] TRACE org.apache.xmlbeans.impl.common.XBeanDebug - Resolving type for handle stcellrefe4e0type
20:51:47.103 [main] TRACE org.apache.xmlbeans.impl.common.XBeanDebug - Resolving type for handle ctcols627ctype
20:51:47.113 [main] TRACE org.apache.xmlbeans.impl.common.XBeanDebug - Resolving type for handle ctcola95ftype
20:51:47.253 [main] TRACE org.apache.xmlbeans.impl.common.XBeanDebug - Resolving type for handle stxstringf179type
20:51:47.257 [main] TRACE org.apache.xmlbeans.impl.common.XBeanDebug - Resolving type for handle stcelltypebf95type
20:51:47.288 [main] INFO  tests.SearchTest - Executing test case: SearchTest
20:51:47.289 [main] INFO  tests.SearchTest - Search Term: One Plus 11
20:51:55.097 [main] DEBUG tests.SearchTest - Entered search term: One Plus 11
20:51:58.306 [main] INFO  tests.SearchTest - Search results displayed successfully for: One Plus 11
20:51:58.537 [main] DEBUG tests.SearchTest - Browser closed for test case: SearchTest
20:51:58.538 [main] INFO  tests.SearchTest - Executing test case: SearchTest
20:51:58.540 [main] INFO  tests.SearchTest - Search Term: Laptop
20:52:04.249 [main] DEBUG tests.SearchTest - Entered search term: Laptop
20:52:07.800 [main] INFO  tests.SearchTest - Search results displayed successfully for: Laptop
20:52:08.221 [main] DEBUG tests.SearchTest - Browser closed for test case: SearchTest
20:52:08.223 [main] INFO  tests.SearchTest - Executing test case: SearchTest
20:52:08.223 [main] INFO  tests.SearchTest - Search Term: ipad
20:52:13.346 [main] DEBUG tests.SearchTest - Entered search term: ipad
20:52:16.758 [main] INFO  tests.SearchTest - Search results displayed successfully for: ipad
20:52:18.727 [main] DEBUG tests.SearchTest - Browser closed for test case: SearchTest
22:09:01.900 [main] INFO  tests.BecomeASellerTest - Starting the Become A Seller page test
22:09:06.834 [main] DEBUG tests.BecomeASellerTest - Browser initialized
22:09:12.335 [main] INFO  tests.BecomeASellerTest - Navigated to URL: https://www.flipkart.com/
22:09:12.409 [main] DEBUG tests.BecomeASellerTest - Waiting for the Become A Seller link to be clickable
22:09:12.523 [main] DEBUG tests.BecomeASellerTest - Clicking on Become A Seller link
22:09:19.430 [main] DEBUG tests.BecomeASellerTest - Waiting for the Start Selling button to be visible
22:09:19.521 [main] DEBUG tests.BecomeASellerTest - Asserting if Become A Seller page is displayed
22:09:19.576 [main] INFO  tests.BecomeASellerTest - Become A Seller test completed successfully
22:09:19.585 [main] DEBUG tests.BecomeASellerTest - Closing the browser
22:09:59.664 [main] INFO  tests.AboutTest - Starting the About Us test
22:10:04.486 [main] DEBUG tests.AboutTest - Browser initialized
22:10:08.076 [main] INFO  tests.AboutTest - Navigated to URL: https://www.flipkart.com/
22:10:08.154 [main] DEBUG tests.AboutTest - Waiting for the About Us link to be clickable
22:10:08.474 [main] DEBUG tests.AboutTest - Clicking on About Us link
22:10:08.740 [main] DEBUG tests.AboutTest - Waiting for the About Us page to be displayed
22:10:12.348 [main] DEBUG tests.AboutTest - Asserting if About Us page is displayed
22:10:12.473 [main] INFO  tests.AboutTest - About Us test completed successfully
22:10:12.487 [main] DEBUG tests.AboutTest - Closing the browser
22:11:12.676 [main] INFO  tests.CustomerServiceTest - Starting the Contact Us test
22:11:18.816 [main] DEBUG tests.CustomerServiceTest - Browser initialized
22:11:23.104 [main] INFO  tests.CustomerServiceTest - Navigated to URL: https://www.flipkart.com/
22:11:23.258 [main] DEBUG tests.CustomerServiceTest - Waiting for Contact Us link to be clickable
22:11:23.564 [main] DEBUG tests.CustomerServiceTest - Clicking on Contact Us link
22:11:25.852 [main] DEBUG tests.CustomerServiceTest - Waiting for Contact Us page header to be visible
22:11:26.049 [main] DEBUG tests.CustomerServiceTest - Asserting if Contact Us page is displayed
22:11:26.193 [main] INFO  tests.CustomerServiceTest - Contact Us test completed successfully
22:11:26.214 [main] DEBUG tests.CustomerServiceTest - Closing the browser
22:11:53.583 [main] INFO  tests.BecomeASellerTest - Starting the Fashion category test
22:11:58.575 [main] DEBUG tests.BecomeASellerTest - Browser initialized
22:12:02.450 [main] INFO  tests.BecomeASellerTest - Navigated to URL: https://www.flipkart.com/
22:12:02.549 [main] DEBUG tests.BecomeASellerTest - Waiting for the Fashion link to be clickable
22:12:02.864 [main] DEBUG tests.BecomeASellerTest - Clicking on fashion link
22:12:05.855 [main] DEBUG tests.BecomeASellerTest - Waiting for the fashion to be visible
22:12:06.029 [main] DEBUG tests.BecomeASellerTest - Asserting if fashion page is displayed
22:12:06.101 [main] INFO  tests.BecomeASellerTest - Fashion category test completed successfully
22:12:06.117 [main] DEBUG tests.BecomeASellerTest - Closing the browser
22:12:40.828 [main] INFO  tests.FlipkartStoriesTest - Starting the Flipkart stories page test
22:12:45.554 [main] DEBUG tests.FlipkartStoriesTest - Browser initialized
22:12:49.439 [main] INFO  tests.FlipkartStoriesTest - Navigated to URL: https://www.flipkart.com/
22:12:49.558 [main] DEBUG tests.FlipkartStoriesTest - Clicking on Flipkart Stories link
22:12:57.490 [main] DEBUG tests.FlipkartStoriesTest - Asserting if Flipkart Stories page is displayed
22:12:58.034 [main] INFO  tests.FlipkartStoriesTest - Flipkart Stories Page test completed successfully
22:12:58.049 [main] DEBUG tests.FlipkartStoriesTest - Closing the browser
22:13:47.935 [main] INFO  tests.GiftCardTest - Starting the Gift Card page test
22:13:54.245 [main] DEBUG tests.GiftCardTest - Browser initialized
22:13:58.475 [main] INFO  tests.GiftCardTest - Navigated to URL: https://www.flipkart.com/
22:13:58.635 [main] DEBUG tests.GiftCardTest - Scrolling to Gift Card link
22:13:58.877 [main] DEBUG tests.GiftCardTest - Waiting for the Gift Card link to be clickable
22:13:59.107 [main] DEBUG tests.GiftCardTest - Clicking on Gift Card link
22:14:01.598 [main] DEBUG tests.GiftCardTest - Waiting for Gift Card page to load
22:14:01.981 [main] DEBUG tests.GiftCardTest - Asserting if Gift Card page is displayed
22:14:02.196 [main] INFO  tests.GiftCardTest - Gift Card Page test completed successfully
22:14:02.222 [main] DEBUG tests.GiftCardTest - Closing the browser
22:14:28.645 [main] INFO  tests.GroceryTest - Starting the Grocery page test
22:14:34.854 [main] DEBUG tests.GroceryTest - Browser initialized
22:14:39.046 [main] INFO  tests.GroceryTest - Navigated to URL: https://www.flipkart.com/
22:14:39.380 [main] DEBUG tests.GroceryTest - Waiting for the grocery icon to be clickable
22:14:39.638 [main] DEBUG tests.GroceryTest - Clicking on grocery icon
22:14:41.870 [main] DEBUG tests.GroceryTest - Waiting for the Grocery page image to be visible
22:14:42.073 [main] DEBUG tests.GroceryTest - Asserting if Grocery page is displayed
22:14:42.151 [main] INFO  tests.GroceryTest - Grocery Page test completed successfully
22:14:42.165 [main] DEBUG tests.GroceryTest - Closing the browser
22:17:09.955 [main] INFO  tests.NewSiteShopsyTest - Starting the Shopsy site test
22:17:17.668 [main] DEBUG tests.NewSiteShopsyTest - Browser initialized
22:17:22.420 [main] INFO  tests.NewSiteShopsyTest - Navigated to URL: https://www.flipkart.com/
22:17:22.510 [main] DEBUG tests.NewSiteShopsyTest - Clicking on shopsy link
22:17:23.340 [main] DEBUG tests.NewSiteShopsyTest - Switching window
22:17:27.305 [main] INFO  tests.NewSiteShopsyTest - Shopsy element is displayed, test passed
22:17:27.319 [main] DEBUG tests.NewSiteShopsyTest - Closing the browser
22:19:16.752 [main] INFO  tests.TravelTest - Starting the travel test
22:19:28.606 [main] DEBUG tests.TravelTest - Browser initialized
22:19:34.114 [main] INFO  tests.TravelTest - Navigated to URL: https://www.flipkart.com/
22:19:34.185 [main] DEBUG tests.TravelTest - Waiting for the Travel icon to be clickable
22:19:34.353 [main] DEBUG tests.TravelTest - Clicking on Travel icon
22:19:37.371 [main] DEBUG tests.TravelTest - Waiting for the Travel page to be displayed
22:19:40.185 [main] DEBUG tests.TravelTest - Asserting if Travel page is displayed
22:19:40.665 [main] INFO  tests.TravelTest - Travel test completed successfully
22:19:40.684 [main] DEBUG tests.TravelTest - Closing the browser
22:57:49.413 [TestNG-test-Test-2] INFO  tests.CustomerServiceTest - Starting the Contact Us test
22:57:49.413 [TestNG-test-Test-1] INFO  tests.GiftCardTest - Starting the Gift Card page test
22:57:52.356 [TestNG-test-Test-2] DEBUG tests.CustomerServiceTest - Browser initialized
22:57:52.386 [TestNG-test-Test-1] DEBUG tests.GiftCardTest - Browser initialized
22:57:57.940 [TestNG-test-Test-1] INFO  tests.GiftCardTest - Navigated to URL: https://www.flipkart.com/
22:57:57.948 [TestNG-test-Test-2] INFO  tests.CustomerServiceTest - Navigated to URL: https://www.flipkart.com/
22:57:58.005 [TestNG-test-Test-1] DEBUG tests.GiftCardTest - Scrolling to Gift Card link
22:57:58.005 [TestNG-test-Test-2] DEBUG tests.CustomerServiceTest - Waiting for Contact Us link to be clickable
22:57:58.059 [TestNG-test-Test-1] DEBUG tests.GiftCardTest - Waiting for the Gift Card link to be clickable
22:57:58.100 [TestNG-test-Test-2] DEBUG tests.CustomerServiceTest - Clicking on Contact Us link
22:57:58.129 [TestNG-test-Test-1] DEBUG tests.GiftCardTest - Clicking on Gift Card link
22:57:59.689 [TestNG-test-Test-2] DEBUG tests.CustomerServiceTest - Waiting for Contact Us page header to be visible
22:57:59.736 [TestNG-test-Test-2] DEBUG tests.CustomerServiceTest - Asserting if Contact Us page is displayed
22:57:59.770 [TestNG-test-Test-2] INFO  tests.CustomerServiceTest - Contact Us test completed successfully
22:57:59.780 [TestNG-test-Test-2] DEBUG tests.CustomerServiceTest - Closing the browser
22:57:59.855 [TestNG-test-Test-1] DEBUG tests.GiftCardTest - Waiting for Gift Card page to load
22:57:59.921 [TestNG-test-Test-1] DEBUG tests.GiftCardTest - Asserting if Gift Card page is displayed
22:57:59.963 [TestNG-test-Test-1] INFO  tests.GiftCardTest - Gift Card Page test completed successfully
22:57:59.964 [TestNG-test-Test-1] DEBUG tests.GiftCardTest - Closing the browser
22:58:00.615 [TestNG-test-Test-1] INFO  tests.NewSiteShopsyTest - Starting the Shopsy site test
22:58:01.730 [TestNG-test-Test-2] DEBUG org.apache.poi.openxml4j.opc.PackageRelationshipCollection - Parsing relationship: /xl/_rels/workbook.xml.rels
22:58:01.778 [TestNG-test-Test-2] DEBUG org.apache.poi.openxml4j.opc.PackageRelationshipCollection - Parsing relationship: /_rels/.rels
22:58:02.242 [TestNG-test-Test-2] TRACE org.apache.xmlbeans.impl.common.XBeanDebug - Loading type system org.apache.poi.schemas.ooxml.system.ooxml
22:58:02.249 [TestNG-test-Test-2] TRACE org.apache.xmlbeans.impl.common.XBeanDebug - Loading type system org.apache.xmlbeans.metadata.system.sXMLCONFIG
22:58:02.251 [TestNG-test-Test-2] TRACE org.apache.xmlbeans.impl.common.XBeanDebug - Loading type system org.apache.xmlbeans.metadata.system.sXMLLANG
22:58:02.252 [TestNG-test-Test-2] TRACE org.apache.xmlbeans.impl.common.XBeanDebug - Loading type system org.apache.xmlbeans.metadata.system.sXMLSCHEMA
22:58:02.253 [TestNG-test-Test-2] TRACE org.apache.xmlbeans.impl.common.XBeanDebug - Loading type system org.apache.xmlbeans.metadata.system.sXMLTOOLS
22:58:02.256 [TestNG-test-Test-2] TRACE org.apache.xmlbeans.impl.common.XBeanDebug - Reading unresolved handles for type system org.apache.xmlbeans.metadata.system.sXMLTOOLS
22:58:02.287 [TestNG-test-Test-2] TRACE org.apache.xmlbeans.impl.common.XBeanDebug - Finished loading type system org.apache.xmlbeans.metadata.system.sXMLTOOLS
22:58:02.291 [TestNG-test-Test-2] TRACE org.apache.xmlbeans.impl.common.XBeanDebug - Reading unresolved handles for type system org.apache.xmlbeans.metadata.system.sXMLSCHEMA
22:58:02.304 [TestNG-test-Test-2] TRACE org.apache.xmlbeans.impl.common.XBeanDebug - Finished loading type system org.apache.xmlbeans.metadata.system.sXMLSCHEMA
22:58:02.307 [TestNG-test-Test-2] TRACE org.apache.xmlbeans.impl.common.XBeanDebug - Reading unresolved handles for type system org.apache.xmlbeans.metadata.system.sXMLLANG
22:58:02.309 [TestNG-test-Test-2] TRACE org.apache.xmlbeans.impl.common.XBeanDebug - Finished loading type system org.apache.xmlbeans.metadata.system.sXMLLANG
22:58:02.312 [TestNG-test-Test-2] TRACE org.apache.xmlbeans.impl.common.XBeanDebug - Reading unresolved handles for type system org.apache.xmlbeans.metadata.system.sXMLCONFIG
22:58:02.315 [TestNG-test-Test-2] TRACE org.apache.xmlbeans.impl.common.XBeanDebug - Finished loading type system org.apache.xmlbeans.metadata.system.sXMLCONFIG
22:58:02.318 [TestNG-test-Test-2] TRACE org.apache.xmlbeans.impl.common.XBeanDebug - Reading unresolved handles for type system org.apache.poi.schemas.ooxml.system.ooxml
22:58:02.518 [TestNG-test-Test-2] TRACE org.apache.xmlbeans.impl.common.XBeanDebug - Finished loading type system org.apache.poi.schemas.ooxml.system.ooxml
22:58:02.520 [TestNG-test-Test-2] TRACE org.apache.xmlbeans.impl.common.XBeanDebug - Resolving type for handle themefd26doctype
22:58:02.615 [TestNG-test-Test-1] DEBUG tests.NewSiteShopsyTest - Browser initialized
22:58:02.714 [TestNG-test-Test-2] TRACE org.apache.xmlbeans.impl.common.XBeanDebug - Resolving type for handle stylesheet5d8bdoctype
22:58:02.727 [TestNG-test-Test-2] TRACE org.apache.xmlbeans.impl.common.XBeanDebug - Resolving type for handle ctstylesheet4257type
22:58:02.741 [TestNG-test-Test-2] TRACE org.apache.xmlbeans.impl.common.XBeanDebug - Resolving type for handle ctfonts6623type
22:58:02.754 [TestNG-test-Test-2] TRACE org.apache.xmlbeans.impl.common.XBeanDebug - Resolving type for handle ctfont14d8type
22:58:02.772 [TestNG-test-Test-2] TRACE org.apache.xmlbeans.impl.common.XBeanDebug - Resolving type for handle ctfills2c6ftype
22:58:02.780 [TestNG-test-Test-2] TRACE org.apache.xmlbeans.impl.common.XBeanDebug - Resolving type for handle ctfill550ctype
22:58:02.785 [TestNG-test-Test-2] TRACE org.apache.xmlbeans.impl.common.XBeanDebug - Resolving type for handle ctborders0d66type
22:58:02.792 [TestNG-test-Test-2] TRACE org.apache.xmlbeans.impl.common.XBeanDebug - Resolving type for handle ctborderf935type
22:58:02.800 [TestNG-test-Test-2] TRACE org.apache.xmlbeans.impl.common.XBeanDebug - Resolving type for handle ctcellxfs1322type
22:58:02.806 [TestNG-test-Test-2] TRACE org.apache.xmlbeans.impl.common.XBeanDebug - Resolving type for handle ctxf97f7type
22:58:02.817 [TestNG-test-Test-2] TRACE org.apache.xmlbeans.impl.common.XBeanDebug - Resolving type for handle ctcellstylexfsa81ftype
22:58:02.823 [TestNG-test-Test-2] TRACE org.apache.xmlbeans.impl.common.XBeanDebug - Resolving type for handle ctdxfsb26atype
22:58:02.831 [TestNG-test-Test-2] TRACE org.apache.xmlbeans.impl.common.XBeanDebug - Resolving type for handle cttablestyles872ftype
22:58:02.840 [TestNG-test-Test-2] TRACE org.apache.xmlbeans.impl.common.XBeanDebug - Resolving type for handle sstf81fdoctype
22:58:02.850 [TestNG-test-Test-2] TRACE org.apache.xmlbeans.impl.common.XBeanDebug - Resolving type for handle ctsst44f3type
22:58:02.883 [TestNG-test-Test-2] TRACE org.apache.xmlbeans.impl.common.XBeanDebug - Resolving type for handle ctrsta472type
22:58:02.957 [TestNG-test-Test-2] TRACE org.apache.xmlbeans.impl.common.XBeanDebug - Resolving type for handle workbookec17doctype
22:58:02.978 [TestNG-test-Test-2] TRACE org.apache.xmlbeans.impl.common.XBeanDebug - Resolving type for handle ctworkbook83c3type
22:58:02.992 [TestNG-test-Test-2] TRACE org.apache.xmlbeans.impl.common.XBeanDebug - Resolving type for handle ctsheets49fdtype
22:58:03.002 [TestNG-test-Test-2] TRACE org.apache.xmlbeans.impl.common.XBeanDebug - Resolving type for handle ctsheet4dbetype
22:58:03.009 [TestNG-test-Test-2] TRACE org.apache.xmlbeans.impl.common.XBeanDebug - Resolving type for handle strelationshipid1e94type
22:58:03.017 [TestNG-test-Test-2] TRACE org.apache.xmlbeans.impl.common.XBeanDebug - Resolving type for handle worksheetf539doctype
22:58:03.034 [TestNG-test-Test-2] TRACE org.apache.xmlbeans.impl.common.XBeanDebug - Resolving type for handle ctworksheet530dtype
22:58:03.054 [TestNG-test-Test-2] TRACE org.apache.xmlbeans.impl.common.XBeanDebug - Resolving type for handle ctsheetdata8408type
22:58:03.063 [TestNG-test-Test-2] TRACE org.apache.xmlbeans.impl.common.XBeanDebug - Resolving type for handle ctrowdd39type
22:58:03.080 [TestNG-test-Test-2] TRACE org.apache.xmlbeans.impl.common.XBeanDebug - Resolving type for handle ctcell842btype
22:58:03.101 [TestNG-test-Test-2] TRACE org.apache.xmlbeans.impl.common.XBeanDebug - Resolving type for handle stcellrefe4e0type
22:58:03.126 [TestNG-test-Test-2] TRACE org.apache.xmlbeans.impl.common.XBeanDebug - Resolving type for handle ctcols627ctype
22:58:03.136 [TestNG-test-Test-2] TRACE org.apache.xmlbeans.impl.common.XBeanDebug - Resolving type for handle ctcola95ftype
22:58:03.279 [TestNG-test-Test-2] TRACE org.apache.xmlbeans.impl.common.XBeanDebug - Resolving type for handle stxstringf179type
22:58:03.290 [TestNG-test-Test-2] TRACE org.apache.xmlbeans.impl.common.XBeanDebug - Resolving type for handle stcelltypebf95type
22:58:03.360 [TestNG-test-Test-2] DEBUG org.apache.poi.openxml4j.opc.PackageRelationshipCollection - Parsing relationship: /xl/_rels/workbook.xml.rels
22:58:03.367 [TestNG-test-Test-2] DEBUG org.apache.poi.openxml4j.opc.PackageRelationshipCollection - Parsing relationship: /_rels/.rels
22:58:03.572 [TestNG-test-Test-2] DEBUG org.apache.poi.openxml4j.opc.PackageRelationshipCollection - Parsing relationship: /xl/_rels/workbook.xml.rels
22:58:03.583 [TestNG-test-Test-2] DEBUG org.apache.poi.openxml4j.opc.PackageRelationshipCollection - Parsing relationship: /_rels/.rels
22:58:06.639 [TestNG-test-Test-1] INFO  tests.NewSiteShopsyTest - Navigated to URL: https://www.flipkart.com/
22:58:06.642 [TestNG-test-Test-1] DEBUG tests.NewSiteShopsyTest - Clicking on shopsy link
22:58:06.919 [TestNG-test-Test-2] DEBUG tests.PincodeTest - Navigated to URL: https://www.flipkart.com/
22:58:07.077 [TestNG-test-Test-1] DEBUG tests.NewSiteShopsyTest - Switching window
22:58:10.393 [TestNG-test-Test-2] DEBUG tests.PincodeTest - Entered search term: iPhone
22:58:10.580 [TestNG-test-Test-1] INFO  tests.NewSiteShopsyTest - Shopsy element is displayed, test passed
22:58:10.581 [TestNG-test-Test-1] DEBUG tests.NewSiteShopsyTest - Closing the browser
22:58:12.722 [TestNG-test-Test-1] INFO  tests.FlipkartStoriesTest - Starting the Flipkart stories page test
22:58:15.737 [TestNG-test-Test-1] DEBUG tests.FlipkartStoriesTest - Browser initialized
22:58:17.224 [TestNG-test-Test-2] DEBUG tests.PincodeTest - Clicked search button
22:58:18.430 [TestNG-test-Test-2] DEBUG tests.PincodeTest - Clicked on product card
22:58:18.929 [TestNG-test-Test-2] DEBUG tests.PincodeTest - Switched to product details window
22:58:19.606 [TestNG-test-Test-1] INFO  tests.FlipkartStoriesTest - Navigated to URL: https://www.flipkart.com/
22:58:19.609 [TestNG-test-Test-1] DEBUG tests.FlipkartStoriesTest - Clicking on Flipkart Stories link
22:58:21.942 [TestNG-test-Test-2] INFO  tests.PincodeTest - Product details are displayed
22:58:22.370 [TestNG-test-Test-2] DEBUG tests.PincodeTest - Entered pincode: 223.0
22:58:22.629 [TestNG-test-Test-2] DEBUG tests.PincodeTest - Clicked check button
22:58:22.720 [TestNG-test-Test-2] INFO  tests.PincodeTest - Invalid pincode message is displayed
22:58:25.209 [TestNG-test-Test-2] DEBUG tests.PincodeTest - Browser closed for test case: PincodeTest
22:58:25.225 [TestNG-test-Test-2] DEBUG tests.PincodeTest - Browser closed in teardown method.
22:58:25.231 [TestNG-test-Test-2] INFO  tests.AboutTest - Starting the About Us test
22:58:27.725 [TestNG-test-Test-1] DEBUG tests.FlipkartStoriesTest - Asserting if Flipkart Stories page is displayed
22:58:28.353 [TestNG-test-Test-1] INFO  tests.FlipkartStoriesTest - Flipkart Stories Page test completed successfully
22:58:28.356 [TestNG-test-Test-1] DEBUG tests.FlipkartStoriesTest - Closing the browser
22:58:29.051 [TestNG-test-Test-2] DEBUG tests.AboutTest - Browser initialized
22:58:29.740 [TestNG-test-Test-2] INFO  tests.AboutTest - Navigated to URL: https://www.flipkart.com/
22:58:29.742 [TestNG-test-Test-2] DEBUG tests.AboutTest - Waiting for the About Us link to be clickable
22:58:33.259 [TestNG-test-Test-2] DEBUG tests.AboutTest - Clicking on About Us link
22:58:33.741 [TestNG-test-Test-2] DEBUG tests.AboutTest - Waiting for the About Us page to be displayed
22:58:36.836 [TestNG-test-Test-2] DEBUG tests.AboutTest - Asserting if About Us page is displayed
22:58:37.649 [TestNG-test-Test-2] INFO  tests.AboutTest - About Us test completed successfully
22:58:37.654 [TestNG-test-Test-2] DEBUG tests.AboutTest - Closing the browser
22:58:42.910 [TestNG-test-Test-1] INFO  tests.GroceryTest - Starting the Grocery page test
22:58:57.665 [TestNG-test-Test-1] DEBUG tests.GroceryTest - Browser initialized
22:58:58.864 [TestNG-test-Test-2] INFO  tests.NotificationTest - Starting the notification test
22:59:08.703 [TestNG-test-Test-1] INFO  tests.GroceryTest - Navigated to URL: https://www.flipkart.com/
22:59:08.705 [TestNG-test-Test-1] DEBUG tests.GroceryTest - Waiting for the grocery icon to be clickable
22:59:08.813 [TestNG-test-Test-1] DEBUG tests.GroceryTest - Clicking on grocery icon
22:59:12.237 [TestNG-test-Test-2] DEBUG tests.NotificationTest - Browser initialized
22:59:14.882 [TestNG-test-Test-1] DEBUG tests.GroceryTest - Waiting for the Grocery page image to be visible
22:59:15.474 [TestNG-test-Test-1] DEBUG tests.GroceryTest - Asserting if Grocery page is displayed
22:59:15.718 [TestNG-test-Test-1] INFO  tests.GroceryTest - Grocery Page test completed successfully
22:59:15.721 [TestNG-test-Test-1] DEBUG tests.GroceryTest - Closing the browser
22:59:20.409 [TestNG-test-Test-2] INFO  tests.NotificationTest - Navigated to URL: https://www.flipkart.com/
22:59:20.410 [TestNG-test-Test-2] DEBUG tests.NotificationTest - Clicking on dropdown
22:59:20.910 [TestNG-test-Test-2] DEBUG tests.NotificationTest - Clicking on Notification
22:59:24.480 [TestNG-test-Test-2] DEBUG tests.NotificationTest - Asserting if Desktop Notification is displayed
22:59:24.821 [TestNG-test-Test-2] INFO  tests.NotificationTest - Notification test completed successfully
22:59:24.824 [TestNG-test-Test-2] DEBUG tests.NotificationTest - Closing the browser
22:59:31.770 [TestNG-test-Test-2] INFO  tests.TravelTest - Starting the travel test
22:59:40.563 [TestNG-test-Test-2] DEBUG tests.TravelTest - Browser initialized
22:59:46.575 [TestNG-test-Test-2] INFO  tests.TravelTest - Navigated to URL: https://www.flipkart.com/
22:59:46.579 [TestNG-test-Test-2] DEBUG tests.TravelTest - Waiting for the Travel icon to be clickable
22:59:46.671 [TestNG-test-Test-2] DEBUG tests.TravelTest - Clicking on Travel icon
22:59:47.372 [TestNG-test-Test-1] INFO  tests.TermsOfUse - Starting the Terms of Use test
22:59:50.761 [TestNG-test-Test-2] DEBUG tests.TravelTest - Waiting for the Travel page to be displayed
22:59:57.960 [TestNG-test-Test-1] DEBUG tests.TermsOfUse - Browser initialized
23:00:08.256 [TestNG-test-Test-1] INFO  tests.TermsOfUse - Navigated to URL: https://www.flipkart.com/
23:00:08.258 [TestNG-test-Test-1] DEBUG tests.TermsOfUse - Clicking on Terms of Use link
23:00:10.785 [TestNG-test-Test-1] DEBUG tests.TermsOfUse - Asserting if Terms of Use page is displayed
23:00:10.910 [TestNG-test-Test-2] DEBUG tests.TravelTest - Asserting if Travel page is displayed
23:00:12.441 [TestNG-test-Test-1] INFO  tests.TermsOfUse - Terms of Use test completed successfully
23:00:12.443 [TestNG-test-Test-1] DEBUG tests.TermsOfUse - Closing the browser
23:00:31.723 [TestNG-test-Test-2] INFO  tests.TravelTest - Travel test completed successfully
23:00:31.775 [TestNG-test-Test-2] DEBUG tests.TravelTest - Closing the browser
23:00:43.768 [TestNG-test-Test-1] INFO  tests.BecomeASellerTest - Starting the Fashion category test
23:00:48.639 [TestNG-test-Test-2] DEBUG org.apache.poi.openxml4j.opc.PackageRelationshipCollection - Parsing relationship: /xl/_rels/workbook.xml.rels
23:00:48.641 [TestNG-test-Test-2] DEBUG org.apache.poi.openxml4j.opc.PackageRelationshipCollection - Parsing relationship: /_rels/.rels
23:00:49.657 [TestNG-test-Test-2] INFO  tests.RemoveCartTest - Executing test case: CartTest
23:00:49.657 [TestNG-test-Test-2] INFO  tests.RemoveCartTest - Search Term: One Plus 11
23:01:02.584 [TestNG-test-Test-1] DEBUG tests.BecomeASellerTest - Browser initialized
23:01:25.420 [TestNG-test-Test-1] INFO  tests.BecomeASellerTest - Navigated to URL: https://www.flipkart.com/
23:01:25.421 [TestNG-test-Test-1] DEBUG tests.BecomeASellerTest - Waiting for the Fashion link to be clickable
23:01:25.518 [TestNG-test-Test-1] DEBUG tests.BecomeASellerTest - Clicking on fashion link
23:01:36.417 [TestNG-test-Test-2] DEBUG tests.RemoveCartTest - Navigated to URL: https://www.flipkart.com/
23:01:46.672 [TestNG-test-Test-1] DEBUG tests.BecomeASellerTest - Waiting for the fashion to be visible
23:01:49.187 [TestNG-test-Test-1] DEBUG tests.BecomeASellerTest - Asserting if fashion page is displayed
23:01:50.084 [TestNG-test-Test-1] INFO  tests.BecomeASellerTest - Fashion category test completed successfully
23:01:50.087 [TestNG-test-Test-1] DEBUG tests.BecomeASellerTest - Closing the browser
23:01:58.188 [TestNG-test-Test-1] DEBUG org.apache.poi.openxml4j.opc.PackageRelationshipCollection - Parsing relationship: /xl/_rels/workbook.xml.rels
23:01:58.191 [TestNG-test-Test-1] DEBUG org.apache.poi.openxml4j.opc.PackageRelationshipCollection - Parsing relationship: /_rels/.rels
23:01:58.352 [TestNG-test-Test-1] INFO  tests.CartTest - Executing test case: AddToCart
23:01:58.354 [TestNG-test-Test-1] INFO  tests.CartTest - Search Term: iPhone
23:02:53.105 [TestNG-test-Test-2] DEBUG tests.RemoveCartTest - Entered search term: One Plus 11
23:03:23.580 [TestNG-test-Test-2] INFO  tests.RemoveCartTest - Product details are displayed.
23:03:23.654 [TestNG-test-Test-2] DEBUG tests.RemoveCartTest - Scrolled to cart button.
23:03:31.374 [TestNG-test-Test-1] DEBUG tests.CartTest - Navigated to URL: https://www.flipkart.com/
23:03:36.457 [TestNG-test-Test-2] INFO  tests.RemoveCartTest - Clicked on cart button.
23:03:40.541 [TestNG-test-Test-1] DEBUG tests.CartTest - Entered search term: iPhone
23:03:55.729 [TestNG-test-Test-2] INFO  tests.RemoveCartTest - Clicked on remove button.
23:04:01.575 [TestNG-test-Test-2] INFO  tests.RemoveCartTest - Confirmed remove action.
23:04:05.508 [TestNG-test-Test-1] DEBUG tests.CartTest - Clicked search button
23:04:11.648 [TestNG-test-Test-1] DEBUG tests.CartTest - Clicked on product card
23:04:20.030 [TestNG-test-Test-1] DEBUG tests.CartTest - Switched to product details window
23:04:21.191 [TestNG-test-Test-2] DEBUG tests.RemoveCartTest - Browser closed for test case: CartTest
23:04:21.194 [TestNG-test-Test-2] INFO  tests.NaviagteToCartTest - Starting the navigate to cart test
23:04:44.188 [TestNG-test-Test-1] INFO  tests.CartTest - Product details are displayed
23:04:46.265 [TestNG-test-Test-1] DEBUG tests.CartTest - Scrolled to cart button
23:04:58.688 [TestNG-test-Test-1] DEBUG tests.CartTest - Clicked cart button
23:05:07.160 [TestNG-test-Test-1] DEBUG tests.CartTest - Order button is visible
23:05:07.197 [TestNG-test-Test-1] INFO  tests.CartTest - Order button is displayed
23:05:10.213 [TestNG-test-Test-1] DEBUG tests.CartTest - Switched back to original window
23:05:31.087 [TestNG-test-Test-1] DEBUG tests.CartTest - Browser closed for test case: AddToCart
23:05:31.087 [TestNG-test-Test-1] INFO  tests.CartTest - Executing test case: AddToCart
23:05:31.087 [TestNG-test-Test-1] INFO  tests.CartTest - Search Term: Laptop
23:05:54.248 [TestNG-test-Test-2] INFO  tests.LandingPageTest - Starting the Landing Page test
23:05:56.187 [TestNG-test-Test-1] ERROR tests.CartTest - Error occurred during the test case execution: AddToCart
org.openqa.selenium.SessionNotCreatedException: Could not start a new session. Possible causes are invalid address of the remote server or browser start-up failure. 
Host info: host: 'IN-PG03525F', ip: '192.168.1.3'
	at org.openqa.selenium.remote.RemoteWebDriver.execute(RemoteWebDriver.java:537) ~[selenium-remote-driver-4.18.1.jar:?]
	at org.openqa.selenium.remote.RemoteWebDriver.startSession(RemoteWebDriver.java:233) ~[selenium-remote-driver-4.18.1.jar:?]
	at org.openqa.selenium.remote.RemoteWebDriver.<init>(RemoteWebDriver.java:162) ~[selenium-remote-driver-4.18.1.jar:?]
	at org.openqa.selenium.chromium.ChromiumDriver.<init>(ChromiumDriver.java:114) ~[selenium-chromium-driver-4.18.1.jar:?]
	at org.openqa.selenium.chrome.ChromeDriver.<init>(ChromeDriver.java:89) ~[selenium-chrome-driver-4.18.1.jar:?]
	at org.openqa.selenium.chrome.ChromeDriver.<init>(ChromeDriver.java:84) ~[selenium-chrome-driver-4.18.1.jar:?]
	at org.openqa.selenium.chrome.ChromeDriver.<init>(ChromeDriver.java:73) ~[selenium-chrome-driver-4.18.1.jar:?]
	at resources.Base.initializeBrowser(Base.java:45) ~[classes/:?]
	at tests.CartTest.AddToCart(CartTest.java:50) [test-classes/:?]
	at java.base/jdk.internal.reflect.NativeMethodAccessorImpl.invoke0(Native Method) ~[?:?]
	at java.base/jdk.internal.reflect.NativeMethodAccessorImpl.invoke(NativeMethodAccessorImpl.java:62) ~[?:?]
	at java.base/jdk.internal.reflect.DelegatingMethodAccessorImpl.invoke(DelegatingMethodAccessorImpl.java:43) ~[?:?]
	at java.base/java.lang.reflect.Method.invoke(Method.java:566) ~[?:?]
	at org.testng.internal.invokers.MethodInvocationHelper.invokeMethod(MethodInvocationHelper.java:141) [testng-7.10.1.jar:7.10.1]
	at org.testng.internal.invokers.TestInvoker.invokeMethod(TestInvoker.java:686) [testng-7.10.1.jar:7.10.1]
	at org.testng.internal.invokers.TestInvoker.invokeTestMethod(TestInvoker.java:230) [testng-7.10.1.jar:7.10.1]
	at org.testng.internal.invokers.MethodRunner.runInSequence(MethodRunner.java:63) [testng-7.10.1.jar:7.10.1]
	at org.testng.internal.invokers.TestInvoker$MethodInvocationAgent.invoke(TestInvoker.java:992) [testng-7.10.1.jar:7.10.1]
	at org.testng.internal.invokers.TestInvoker.invokeTestMethods(TestInvoker.java:203) [testng-7.10.1.jar:7.10.1]
	at org.testng.internal.invokers.TestMethodWorker.invokeTestMethods(TestMethodWorker.java:154) [testng-7.10.1.jar:7.10.1]
	at org.testng.internal.invokers.TestMethodWorker.run(TestMethodWorker.java:134) [testng-7.10.1.jar:7.10.1]
	at java.base/java.util.concurrent.Executors$RunnableAdapter.call(Executors.java:515) [?:?]
	at java.base/java.util.concurrent.FutureTask.run(FutureTask.java:264) [?:?]
	at org.testng.internal.thread.graph.TestNGFutureTask.run(TestNGFutureTask.java:22) [testng-7.10.1.jar:7.10.1]
	at java.base/java.util.concurrent.ThreadPoolExecutor.runWorker(ThreadPoolExecutor.java:1128) [?:?]
	at java.base/java.util.concurrent.ThreadPoolExecutor$Worker.run(ThreadPoolExecutor.java:628) [?:?]
	at java.base/java.lang.Thread.run(Thread.java:834) [?:?]
Caused by: org.openqa.selenium.WebDriverException: Failed waiting for driver server to start.
Build info: version: '4.18.1', revision: 'b1d3319b48'
System info: os.name: 'Windows 10', os.arch: 'amd64', os.version: '10.0', java.version: '11.0.1'
Driver info: driver.version: ChromeDriver
	at org.openqa.selenium.remote.service.DriverService.start(DriverService.java:253) ~[selenium-remote-driver-4.18.1.jar:?]
	at org.openqa.selenium.remote.service.DriverCommandExecutor.execute(DriverCommandExecutor.java:117) ~[selenium-remote-driver-4.18.1.jar:?]
	at org.openqa.selenium.remote.RemoteWebDriver.execute(RemoteWebDriver.java:519) ~[selenium-remote-driver-4.18.1.jar:?]
	... 26 more
Caused by: java.util.concurrent.ExecutionException: org.openqa.selenium.WebDriverException: Timed out waiting for driver server to start.
Build info: version: '4.18.1', revision: 'b1d3319b48'
System info: os.name: 'Windows 10', os.arch: 'amd64', os.version: '10.0', java.version: '11.0.1'
Driver info: driver.version: unknown
	at java.base/java.util.concurrent.CompletableFuture.reportGet(CompletableFuture.java:395) ~[?:?]
	at java.base/java.util.concurrent.CompletableFuture.get(CompletableFuture.java:2022) ~[?:?]
	at org.openqa.selenium.remote.service.DriverService.start(DriverService.java:234) ~[selenium-remote-driver-4.18.1.jar:?]
	at org.openqa.selenium.remote.service.DriverCommandExecutor.execute(DriverCommandExecutor.java:117) ~[selenium-remote-driver-4.18.1.jar:?]
	at org.openqa.selenium.remote.RemoteWebDriver.execute(RemoteWebDriver.java:519) ~[selenium-remote-driver-4.18.1.jar:?]
	... 26 more
Caused by: org.openqa.selenium.WebDriverException: Timed out waiting for driver server to start.
Build info: version: '4.18.1', revision: 'b1d3319b48'
System info: os.name: 'Windows 10', os.arch: 'amd64', os.version: '10.0', java.version: '11.0.1'
Driver info: driver.version: unknown
	at org.openqa.selenium.remote.service.DriverService.waitUntilAvailable(DriverService.java:278) ~[selenium-remote-driver-4.18.1.jar:?]
	at org.openqa.selenium.remote.service.DriverService.lambda$start$1(DriverService.java:212) ~[selenium-remote-driver-4.18.1.jar:?]
	at java.base/java.util.concurrent.CompletableFuture$AsyncSupply.run(CompletableFuture.java:1700) ~[?:?]
	... 3 more
Caused by: org.openqa.selenium.net.UrlChecker$TimeoutException: Timed out waiting for [http://localhost:8140/status] to be available after 20009 ms
	at org.openqa.selenium.net.UrlChecker.waitUntilAvailable(UrlChecker.java:94) ~[selenium-api-4.18.1.jar:?]
	at org.openqa.selenium.remote.service.DriverService.waitUntilAvailable(DriverService.java:274) ~[selenium-remote-driver-4.18.1.jar:?]
	at org.openqa.selenium.remote.service.DriverService.lambda$start$1(DriverService.java:212) ~[selenium-remote-driver-4.18.1.jar:?]
	at java.base/java.util.concurrent.CompletableFuture$AsyncSupply.run(CompletableFuture.java:1700) ~[?:?]
	... 3 more
Caused by: java.util.concurrent.TimeoutException
	at java.base/java.util.concurrent.FutureTask.get(FutureTask.java:204) ~[?:?]
	at org.openqa.selenium.net.UrlChecker.waitUntilAvailable(UrlChecker.java:91) ~[selenium-api-4.18.1.jar:?]
	at org.openqa.selenium.remote.service.DriverService.waitUntilAvailable(DriverService.java:274) ~[selenium-remote-driver-4.18.1.jar:?]
	at org.openqa.selenium.remote.service.DriverService.lambda$start$1(DriverService.java:212) ~[selenium-remote-driver-4.18.1.jar:?]
	at java.base/java.util.concurrent.CompletableFuture$AsyncSupply.run(CompletableFuture.java:1700) ~[?:?]
	... 3 more
23:05:56.247 [TestNG-test-Test-1] DEBUG tests.CartTest - Browser closed for test case: AddToCart
23:05:56.248 [TestNG-test-Test-1] DEBUG tests.CartTest - Browser closed in teardown method.
23:05:56.265 [TestNG-test-Test-1] DEBUG org.apache.poi.openxml4j.opc.PackageRelationshipCollection - Parsing relationship: /xl/_rels/workbook.xml.rels
23:05:56.270 [TestNG-test-Test-1] DEBUG org.apache.poi.openxml4j.opc.PackageRelationshipCollection - Parsing relationship: /_rels/.rels
23:05:56.539 [TestNG-test-Test-1] INFO  tests.SignUpTest - Executing test case: CartTest
23:05:56.539 [TestNG-test-Test-1] INFO  tests.SignUpTest - Phone: 1.234560789E9
23:06:26.898 [TestNG-test-Test-2] INFO  tests.BecomeASellerTest - Starting the Become A Seller page test
23:06:52.648 [TestNG-test-Test-2] DEBUG org.apache.poi.openxml4j.opc.PackageRelationshipCollection - Parsing relationship: /xl/_rels/workbook.xml.rels
23:06:52.650 [TestNG-test-Test-2] DEBUG org.apache.poi.openxml4j.opc.PackageRelationshipCollection - Parsing relationship: /_rels/.rels
23:06:52.797 [TestNG-test-Test-2] INFO  tests.ProdDetailsTest - Executing test case: CartTest
23:06:52.797 [TestNG-test-Test-2] INFO  tests.ProdDetailsTest - Search Term: One Plus 11
23:07:21.454 [TestNG-test-Test-1] ERROR tests.SignUpTest - Error occurred during the test case execution: CartTest
org.openqa.selenium.SessionNotCreatedException: Could not start a new session. Response code 500. Message: session not created: DevToolsActivePort file doesn't exist 
Host info: host: 'IN-PG03525F', ip: '192.168.1.3'
Build info: version: '4.18.1', revision: 'b1d3319b48'
System info: os.name: 'Windows 10', os.arch: 'amd64', os.version: '10.0', java.version: '11.0.1'
Driver info: org.openqa.selenium.chrome.ChromeDriver
Command: [null, newSession {capabilities=[Capabilities {acceptInsecureCerts: true, browserName: chrome, goog:chromeOptions: {args: [--headless, --no-sandbox, --window-size=1920,1080, --disable-gpu, --disable-dev-shm-usage, --allow-insecure-localhost], extensions: []}}]}]
	at org.openqa.selenium.remote.ProtocolHandshake.createSession(ProtocolHandshake.java:139) ~[selenium-remote-driver-4.18.1.jar:?]
	at org.openqa.selenium.remote.ProtocolHandshake.createSession(ProtocolHandshake.java:95) ~[selenium-remote-driver-4.18.1.jar:?]
	at org.openqa.selenium.remote.ProtocolHandshake.createSession(ProtocolHandshake.java:67) ~[selenium-remote-driver-4.18.1.jar:?]
	at org.openqa.selenium.remote.HttpCommandExecutor.execute(HttpCommandExecutor.java:162) ~[selenium-remote-driver-4.18.1.jar:?]
	at org.openqa.selenium.remote.service.DriverCommandExecutor.invokeExecute(DriverCommandExecutor.java:216) ~[selenium-remote-driver-4.18.1.jar:?]
	at org.openqa.selenium.remote.service.DriverCommandExecutor.execute(DriverCommandExecutor.java:174) ~[selenium-remote-driver-4.18.1.jar:?]
	at org.openqa.selenium.remote.RemoteWebDriver.execute(RemoteWebDriver.java:519) ~[selenium-remote-driver-4.18.1.jar:?]
	at org.openqa.selenium.remote.RemoteWebDriver.startSession(RemoteWebDriver.java:233) ~[selenium-remote-driver-4.18.1.jar:?]
	at org.openqa.selenium.remote.RemoteWebDriver.<init>(RemoteWebDriver.java:162) ~[selenium-remote-driver-4.18.1.jar:?]
	at org.openqa.selenium.chromium.ChromiumDriver.<init>(ChromiumDriver.java:114) ~[selenium-chromium-driver-4.18.1.jar:?]
	at org.openqa.selenium.chrome.ChromeDriver.<init>(ChromeDriver.java:89) ~[selenium-chrome-driver-4.18.1.jar:?]
	at org.openqa.selenium.chrome.ChromeDriver.<init>(ChromeDriver.java:84) ~[selenium-chrome-driver-4.18.1.jar:?]
	at org.openqa.selenium.chrome.ChromeDriver.<init>(ChromeDriver.java:73) ~[selenium-chrome-driver-4.18.1.jar:?]
	at resources.Base.initializeBrowser(Base.java:45) ~[classes/:?]
	at tests.SignUpTest.signup(SignUpTest.java:41) [test-classes/:?]
	at java.base/jdk.internal.reflect.NativeMethodAccessorImpl.invoke0(Native Method) ~[?:?]
	at java.base/jdk.internal.reflect.NativeMethodAccessorImpl.invoke(NativeMethodAccessorImpl.java:62) ~[?:?]
	at java.base/jdk.internal.reflect.DelegatingMethodAccessorImpl.invoke(DelegatingMethodAccessorImpl.java:43) ~[?:?]
	at java.base/java.lang.reflect.Method.invoke(Method.java:566) ~[?:?]
	at org.testng.internal.invokers.MethodInvocationHelper.invokeMethod(MethodInvocationHelper.java:141) [testng-7.10.1.jar:7.10.1]
	at org.testng.internal.invokers.TestInvoker.invokeMethod(TestInvoker.java:686) [testng-7.10.1.jar:7.10.1]
	at org.testng.internal.invokers.TestInvoker.invokeTestMethod(TestInvoker.java:230) [testng-7.10.1.jar:7.10.1]
	at org.testng.internal.invokers.MethodRunner.runInSequence(MethodRunner.java:63) [testng-7.10.1.jar:7.10.1]
	at org.testng.internal.invokers.TestInvoker$MethodInvocationAgent.invoke(TestInvoker.java:992) [testng-7.10.1.jar:7.10.1]
	at org.testng.internal.invokers.TestInvoker.invokeTestMethods(TestInvoker.java:203) [testng-7.10.1.jar:7.10.1]
	at org.testng.internal.invokers.TestMethodWorker.invokeTestMethods(TestMethodWorker.java:154) [testng-7.10.1.jar:7.10.1]
	at org.testng.internal.invokers.TestMethodWorker.run(TestMethodWorker.java:134) [testng-7.10.1.jar:7.10.1]
	at java.base/java.util.concurrent.Executors$RunnableAdapter.call(Executors.java:515) [?:?]
	at java.base/java.util.concurrent.FutureTask.run(FutureTask.java:264) [?:?]
	at org.testng.internal.thread.graph.TestNGFutureTask.run(TestNGFutureTask.java:22) [testng-7.10.1.jar:7.10.1]
	at java.base/java.util.concurrent.ThreadPoolExecutor.runWorker(ThreadPoolExecutor.java:1128) [?:?]
	at java.base/java.util.concurrent.ThreadPoolExecutor$Worker.run(ThreadPoolExecutor.java:628) [?:?]
	at java.base/java.lang.Thread.run(Thread.java:834) [?:?]
23:07:21.467 [TestNG-test-Test-1] DEBUG org.apache.poi.openxml4j.opc.PackageRelationshipCollection - Parsing relationship: /xl/_rels/workbook.xml.rels
23:07:21.469 [TestNG-test-Test-1] DEBUG org.apache.poi.openxml4j.opc.PackageRelationshipCollection - Parsing relationship: /_rels/.rels
23:07:21.598 [TestNG-test-Test-1] INFO  tests.SaveForLaterTest - Executing test case: CartTest
23:07:21.600 [TestNG-test-Test-1] INFO  tests.SaveForLaterTest - Search Term: One Plus 11
23:07:22.021 [TestNG-test-Test-2] ERROR tests.ProdDetailsTest - Error occurred during the test case execution: CartTest
org.openqa.selenium.SessionNotCreatedException: Could not start a new session. Possible causes are invalid address of the remote server or browser start-up failure. 
Host info: host: 'IN-PG03525F', ip: '192.168.1.3'
	at org.openqa.selenium.remote.RemoteWebDriver.execute(RemoteWebDriver.java:537) ~[selenium-remote-driver-4.18.1.jar:?]
	at org.openqa.selenium.remote.RemoteWebDriver.startSession(RemoteWebDriver.java:233) ~[selenium-remote-driver-4.18.1.jar:?]
	at org.openqa.selenium.remote.RemoteWebDriver.<init>(RemoteWebDriver.java:162) ~[selenium-remote-driver-4.18.1.jar:?]
	at org.openqa.selenium.chromium.ChromiumDriver.<init>(ChromiumDriver.java:114) ~[selenium-chromium-driver-4.18.1.jar:?]
	at org.openqa.selenium.chrome.ChromeDriver.<init>(ChromeDriver.java:89) ~[selenium-chrome-driver-4.18.1.jar:?]
	at org.openqa.selenium.chrome.ChromeDriver.<init>(ChromeDriver.java:84) ~[selenium-chrome-driver-4.18.1.jar:?]
	at org.openqa.selenium.chrome.ChromeDriver.<init>(ChromeDriver.java:73) ~[selenium-chrome-driver-4.18.1.jar:?]
	at resources.Base.initializeBrowser(Base.java:45) ~[classes/:?]
	at tests.ProdDetailsTest.ProductDetails(ProdDetailsTest.java:42) [test-classes/:?]
	at java.base/jdk.internal.reflect.NativeMethodAccessorImpl.invoke0(Native Method) ~[?:?]
	at java.base/jdk.internal.reflect.NativeMethodAccessorImpl.invoke(NativeMethodAccessorImpl.java:62) ~[?:?]
	at java.base/jdk.internal.reflect.DelegatingMethodAccessorImpl.invoke(DelegatingMethodAccessorImpl.java:43) ~[?:?]
	at java.base/java.lang.reflect.Method.invoke(Method.java:566) ~[?:?]
	at org.testng.internal.invokers.MethodInvocationHelper.invokeMethod(MethodInvocationHelper.java:141) [testng-7.10.1.jar:7.10.1]
	at org.testng.internal.invokers.TestInvoker.invokeMethod(TestInvoker.java:686) [testng-7.10.1.jar:7.10.1]
	at org.testng.internal.invokers.TestInvoker.invokeTestMethod(TestInvoker.java:230) [testng-7.10.1.jar:7.10.1]
	at org.testng.internal.invokers.MethodRunner.runInSequence(MethodRunner.java:63) [testng-7.10.1.jar:7.10.1]
	at org.testng.internal.invokers.TestInvoker$MethodInvocationAgent.invoke(TestInvoker.java:992) [testng-7.10.1.jar:7.10.1]
	at org.testng.internal.invokers.TestInvoker.invokeTestMethods(TestInvoker.java:203) [testng-7.10.1.jar:7.10.1]
	at org.testng.internal.invokers.TestMethodWorker.invokeTestMethods(TestMethodWorker.java:154) [testng-7.10.1.jar:7.10.1]
	at org.testng.internal.invokers.TestMethodWorker.run(TestMethodWorker.java:134) [testng-7.10.1.jar:7.10.1]
	at java.base/java.util.concurrent.Executors$RunnableAdapter.call(Executors.java:515) [?:?]
	at java.base/java.util.concurrent.FutureTask.run(FutureTask.java:264) [?:?]
	at org.testng.internal.thread.graph.TestNGFutureTask.run(TestNGFutureTask.java:22) [testng-7.10.1.jar:7.10.1]
	at java.base/java.util.concurrent.ThreadPoolExecutor.runWorker(ThreadPoolExecutor.java:1128) [?:?]
	at java.base/java.util.concurrent.ThreadPoolExecutor$Worker.run(ThreadPoolExecutor.java:628) [?:?]
	at java.base/java.lang.Thread.run(Thread.java:834) [?:?]
Caused by: org.openqa.selenium.WebDriverException: Timed out waiting for driver server to bind the port.
Build info: version: '4.18.1', revision: 'b1d3319b48'
System info: os.name: 'Windows 10', os.arch: 'amd64', os.version: '10.0', java.version: '11.0.1'
Driver info: driver.version: ChromeDriver
	at org.openqa.selenium.remote.service.DriverService.start(DriverService.java:249) ~[selenium-remote-driver-4.18.1.jar:?]
	at org.openqa.selenium.remote.service.DriverCommandExecutor.execute(DriverCommandExecutor.java:117) ~[selenium-remote-driver-4.18.1.jar:?]
	at org.openqa.selenium.remote.RemoteWebDriver.execute(RemoteWebDriver.java:519) ~[selenium-remote-driver-4.18.1.jar:?]
	... 26 more
23:07:22.036 [TestNG-test-Test-2] DEBUG org.apache.poi.openxml4j.opc.PackageRelationshipCollection - Parsing relationship: /xl/_rels/workbook.xml.rels
23:07:22.038 [TestNG-test-Test-2] DEBUG org.apache.poi.openxml4j.opc.PackageRelationshipCollection - Parsing relationship: /_rels/.rels
23:07:25.194 [TestNG-test-Test-2] INFO  tests.SearchTest - Executing test case: SearchTest
23:07:25.194 [TestNG-test-Test-2] INFO  tests.SearchTest - Search Term: One Plus 11
23:07:44.883 [TestNG-test-Test-1] ERROR tests.SaveForLaterTest - Error occurred during the test case execution: CartTest
org.openqa.selenium.SessionNotCreatedException: Could not start a new session. Possible causes are invalid address of the remote server or browser start-up failure. 
Host info: host: 'IN-PG03525F', ip: '192.168.1.3'
	at org.openqa.selenium.remote.RemoteWebDriver.execute(RemoteWebDriver.java:537) ~[selenium-remote-driver-4.18.1.jar:?]
	at org.openqa.selenium.remote.RemoteWebDriver.startSession(RemoteWebDriver.java:233) ~[selenium-remote-driver-4.18.1.jar:?]
	at org.openqa.selenium.remote.RemoteWebDriver.<init>(RemoteWebDriver.java:162) ~[selenium-remote-driver-4.18.1.jar:?]
	at org.openqa.selenium.chromium.ChromiumDriver.<init>(ChromiumDriver.java:114) ~[selenium-chromium-driver-4.18.1.jar:?]
	at org.openqa.selenium.chrome.ChromeDriver.<init>(ChromeDriver.java:89) ~[selenium-chrome-driver-4.18.1.jar:?]
	at org.openqa.selenium.chrome.ChromeDriver.<init>(ChromeDriver.java:84) ~[selenium-chrome-driver-4.18.1.jar:?]
	at org.openqa.selenium.chrome.ChromeDriver.<init>(ChromeDriver.java:73) ~[selenium-chrome-driver-4.18.1.jar:?]
	at resources.Base.initializeBrowser(Base.java:45) ~[classes/:?]
	at tests.SaveForLaterTest.SaveCart(SaveForLaterTest.java:49) [test-classes/:?]
	at java.base/jdk.internal.reflect.NativeMethodAccessorImpl.invoke0(Native Method) ~[?:?]
	at java.base/jdk.internal.reflect.NativeMethodAccessorImpl.invoke(NativeMethodAccessorImpl.java:62) ~[?:?]
	at java.base/jdk.internal.reflect.DelegatingMethodAccessorImpl.invoke(DelegatingMethodAccessorImpl.java:43) ~[?:?]
	at java.base/java.lang.reflect.Method.invoke(Method.java:566) ~[?:?]
	at org.testng.internal.invokers.MethodInvocationHelper.invokeMethod(MethodInvocationHelper.java:141) [testng-7.10.1.jar:7.10.1]
	at org.testng.internal.invokers.TestInvoker.invokeMethod(TestInvoker.java:686) [testng-7.10.1.jar:7.10.1]
	at org.testng.internal.invokers.TestInvoker.invokeTestMethod(TestInvoker.java:230) [testng-7.10.1.jar:7.10.1]
	at org.testng.internal.invokers.MethodRunner.runInSequence(MethodRunner.java:63) [testng-7.10.1.jar:7.10.1]
	at org.testng.internal.invokers.TestInvoker$MethodInvocationAgent.invoke(TestInvoker.java:992) [testng-7.10.1.jar:7.10.1]
	at org.testng.internal.invokers.TestInvoker.invokeTestMethods(TestInvoker.java:203) [testng-7.10.1.jar:7.10.1]
	at org.testng.internal.invokers.TestMethodWorker.invokeTestMethods(TestMethodWorker.java:154) [testng-7.10.1.jar:7.10.1]
	at org.testng.internal.invokers.TestMethodWorker.run(TestMethodWorker.java:134) [testng-7.10.1.jar:7.10.1]
	at java.base/java.util.concurrent.Executors$RunnableAdapter.call(Executors.java:515) [?:?]
	at java.base/java.util.concurrent.FutureTask.run(FutureTask.java:264) [?:?]
	at org.testng.internal.thread.graph.TestNGFutureTask.run(TestNGFutureTask.java:22) [testng-7.10.1.jar:7.10.1]
	at java.base/java.util.concurrent.ThreadPoolExecutor.runWorker(ThreadPoolExecutor.java:1128) [?:?]
	at java.base/java.util.concurrent.ThreadPoolExecutor$Worker.run(ThreadPoolExecutor.java:628) [?:?]
	at java.base/java.lang.Thread.run(Thread.java:834) [?:?]
Caused by: org.openqa.selenium.WebDriverException: Timed out waiting for driver server to bind the port.
Build info: version: '4.18.1', revision: 'b1d3319b48'
System info: os.name: 'Windows 10', os.arch: 'amd64', os.version: '10.0', java.version: '11.0.1'
Driver info: driver.version: ChromeDriver
	at org.openqa.selenium.remote.service.DriverService.start(DriverService.java:249) ~[selenium-remote-driver-4.18.1.jar:?]
	at org.openqa.selenium.remote.service.DriverCommandExecutor.execute(DriverCommandExecutor.java:117) ~[selenium-remote-driver-4.18.1.jar:?]
	at org.openqa.selenium.remote.RemoteWebDriver.execute(RemoteWebDriver.java:519) ~[selenium-remote-driver-4.18.1.jar:?]
	... 26 more
